<?xml version="1.0" encoding="UTF-8"?>
<!-- Generated by org.testng.reporters.JUnitReportReporter -->
<testsuite hostname="DESKTOP-7ST38NR" failures="0" tests="1" name="selenium.v1.Test1" time="0.015" errors="0" timestamp="2024-02-26T15:13:23 IST" skipped="0">
  <testcase classname="selenium.v1.Test1" name="test" time="0.015"/>
</testsuite> <!-- selenium.v1.Test1 -->
